<?xml version="1.0" encoding="UTF-8"?>
<!-- Generated by org.testng.reporters.JUnitXMLReporter -->
<testsuite hostname="AkshayKumar" failures="0" tests="10" name="Test" time="0.03" errors="0" timestamp="21 Nov 2024 04:03:30 GMT">
  <testcase classname="testNG.creditAcc" name="crBalance" time="0.007"/>
  <testcase classname="testNG.creditAcc" name="crStatements" time="0.001"/>
  <testcase classname="testNG.creditAcc" name="crTransaction" time="0.001"/>
  <testcase classname="testNG.creditAcc" name="emi" time="0.001"/>
  <testcase classname="testNG.debitAcc" name="dbBalance" time="0.001"/>
  <testcase classname="testNG.debitAcc" name="dbStatements" time="0.001"/>
  <testcase classname="testNG.debitAcc" name="dbTransaction" time="0.001"/>
  <testcase classname="testNG.login" name="banklogin" time="0.0"/>
  <testcase classname="testNG.login" name="mobilelogin" time="0.0"/>
  <testcase classname="testNG.login" name="weblogin" time="0.001"/>
</testsuite> <!-- Test -->
